<?xml version="1.0" encoding="UTF-8"?>
<!-- Generated by org.testng.reporters.JUnitReportReporter -->
<testsuite skipped="0" hostname="DESKTOP-27L8JE7" name="switchings.AlertHandling" tests="1" failures="0" timestamp="14 Sep 2020 04:36:37 GMT" time="14.683" errors="0">
  <testcase name="f" time="14.683" classname="switchings.AlertHandling"/>
</testsuite> <!-- switchings.AlertHandling -->
