<?xml version="1.0" encoding="UTF-8"?>
<!-- Generated by org.testng.reporters.JUnitReportReporter -->
<testsuite skipped="0" hostname="DESKTOP-27L8JE7" name="excelDataDriven.DataManagementByUsingHashTable" tests="2" failures="0" timestamp="27 Aug 2020 04:55:49 GMT" time="0.032" errors="0">
  <testcase name="f" time="0.026" classname="excelDataDriven.DataManagementByUsingHashTable"/>
  <testcase name="f" time="0.006" classname="excelDataDriven.DataManagementByUsingHashTable"/>
</testsuite> <!-- excelDataDriven.DataManagementByUsingHashTable -->
