<?xml version="1.0" encoding="UTF-8"?>
<!-- Generated by org.testng.reporters.JUnitReportReporter -->
<testsuite skipped="6" hostname="DESKTOP-27L8JE7" name="actions.MouseOperations" tests="7" failures="0" timestamp="15 Sep 2020 04:56:13 GMT" time="14.219" errors="0">
  <testcase name="autoSuggestion" time="14.219" classname="actions.MouseOperations"/>
  <testcase name="dragAnddrop" classname="actions.MouseOperations">
    <skipped/>
  </testcase> <!-- dragAnddrop -->
  <testcase name="MoveToelement" classname="actions.MouseOperations">
    <skipped/>
  </testcase> <!-- MoveToelement -->
  <testcase name="resizeMethod" classname="actions.MouseOperations">
    <skipped/>
  </testcase> <!-- resizeMethod -->
  <testcase name="slider" classname="actions.MouseOperations">
    <skipped/>
  </testcase> <!-- slider -->
  <testcase name="Browserslider" classname="actions.MouseOperations">
    <skipped/>
  </testcase> <!-- Browserslider -->
  <testcase name="rightClickMethod" classname="actions.MouseOperations">
    <skipped/>
  </testcase> <!-- rightClickMethod -->
</testsuite> <!-- actions.MouseOperations -->
