<?xml version="1.0" encoding="UTF-8"?>
<!-- Generated by org.testng.reporters.JUnitReportReporter -->
<testsuite skipped="0" hostname="DESKTOP-27L8JE7" name="excelDataDriven.FBScenario" tests="2" failures="0" timestamp="27 Aug 2020 05:02:31 GMT" time="18.546" errors="0">
  <testcase name="f" time="9.648" classname="excelDataDriven.FBScenario"/>
  <testcase name="f" time="8.898" classname="excelDataDriven.FBScenario"/>
</testsuite> <!-- excelDataDriven.FBScenario -->
