<?xml version="1.0" encoding="UTF-8"?>
<!-- Generated by org.testng.reporters.JUnitReportReporter -->
<testsuite skipped="0" hostname="DESKTOP-27L8JE7" name="switchings.FileUpload" tests="1" failures="0" timestamp="14 Sep 2020 04:53:39 GMT" time="17.805" errors="0">
  <testcase name="fileupload" time="17.805" classname="switchings.FileUpload"/>
</testsuite> <!-- switchings.FileUpload -->
