<?xml version="1.0" encoding="UTF-8"?>
<!-- Generated by org.testng.reporters.JUnitReportReporter -->
<testsuite skipped="0" hostname="DESKTOP-27L8JE7" name="com.project.September9AMProject.SuiteA.TestA" tests="2" failures="0" timestamp="07 Oct 2020 04:29:54 GMT" time="0.040" errors="0">
  <testcase name="f" time="0.023" classname="com.project.September9AMProject.SuiteA.TestA"/>
  <testcase name="f" time="0.017" classname="com.project.September9AMProject.SuiteA.TestA"/>
</testsuite> <!-- com.project.September9AMProject.SuiteA.TestA -->
