<?xml version="1.0" encoding="UTF-8"?>
<!-- Generated by org.testng.reporters.JUnitReportReporter -->
<testsuite skipped="2" hostname="DESKTOP-27L8JE7" name="com.project.September9AMProject.SuiteA.LoginTest" tests="3" failures="0" timestamp="07 Oct 2020 04:43:56 GMT" time="0.049" errors="0">
  <testcase name="f" time="0.033" classname="com.project.September9AMProject.SuiteA.LoginTest"/>
  <testcase name="f" time="0.009" classname="com.project.September9AMProject.SuiteA.LoginTest">
    <skipped/>
  </testcase> <!-- f -->
  <testcase name="f" time="0.007" classname="com.project.September9AMProject.SuiteA.LoginTest">
    <skipped/>
  </testcase> <!-- f -->
</testsuite> <!-- com.project.September9AMProject.SuiteA.LoginTest -->
